0 info it worked if it ends with ok
1 verbose cli [ 'C:\\Program Files\\nodejs\\node.exe',
1 verbose cli   'C:\\Users\\ybenchim\\AppData\\Roaming\\npm\\node_modules\\npm\\bin\\npm-cli.js',
1 verbose cli   'run',
1 verbose cli   'gulp' ]
2 info using npm@4.0.3
3 info using node@v4.5.0
4 verbose run-script [ 'pregulp', 'gulp', 'postgulp' ]
5 info lifecycle angular2-boilerplate@1.0.0~pregulp: angular2-boilerplate@1.0.0
6 silly lifecycle angular2-boilerplate@1.0.0~pregulp: no script for pregulp, continuing
7 info lifecycle angular2-boilerplate@1.0.0~gulp: angular2-boilerplate@1.0.0
8 verbose lifecycle angular2-boilerplate@1.0.0~gulp: unsafe-perm in lifecycle true
9 verbose lifecycle angular2-boilerplate@1.0.0~gulp: PATH: C:\Users\ybenchim\AppData\Roaming\npm\node_modules\npm\bin\node-gyp-bin;D:\Users\ybenchim\Documents\dev\test\WeatherApp\node_modules\.bin;C:\Program Files\nodejs\node_modules\npm\bin\node-gyp-bin;D:\Users\ybenchim\Documents\dev\test\WeatherApp\node_modules\.bin;C:\Program Files\nodejs;C:\ProgramData\Oracle\Java\javapath;C:\WINDOWS\system32;C:\WINDOWS;C:\WINDOWS\System32\Wbem;C:\WINDOWS\System32\WindowsPowerShell\v1.0\;C:\WINDOWS\System32\WindowsPowerShell\v1.0\;C:\Program Files (x86)\Lenovo\Access Connections\;C:\Program Files\nodejs\;C:\Program Files\Git\cmd;C:\Program Files (x86)\Skype\Phone\;C:\Users\ybenchim\AppData\Roaming\npm
10 verbose lifecycle angular2-boilerplate@1.0.0~gulp: CWD: D:\Users\ybenchim\Documents\dev\test\WeatherApp
11 silly lifecycle angular2-boilerplate@1.0.0~gulp: Args: [ '/d /s /c', 'gulp' ]
12 silly lifecycle angular2-boilerplate@1.0.0~gulp: Returned: code: 1  signal: null
13 info lifecycle angular2-boilerplate@1.0.0~gulp: Failed to exec gulp script
14 verbose stack Error: angular2-boilerplate@1.0.0 gulp: `gulp`
14 verbose stack Exit status 1
14 verbose stack     at EventEmitter.<anonymous> (C:\Users\ybenchim\AppData\Roaming\npm\node_modules\npm\lib\utils\lifecycle.js:279:16)
14 verbose stack     at emitTwo (events.js:87:13)
14 verbose stack     at EventEmitter.emit (events.js:172:7)
14 verbose stack     at ChildProcess.<anonymous> (C:\Users\ybenchim\AppData\Roaming\npm\node_modules\npm\lib\utils\spawn.js:40:14)
14 verbose stack     at emitTwo (events.js:87:13)
14 verbose stack     at ChildProcess.emit (events.js:172:7)
14 verbose stack     at maybeClose (internal/child_process.js:829:16)
14 verbose stack     at Process.ChildProcess._handle.onexit (internal/child_process.js:211:5)
15 verbose pkgid angular2-boilerplate@1.0.0
16 verbose cwd D:\Users\ybenchim\Documents\dev\test\WeatherApp
17 error Windows_NT 6.1.7601
18 error argv "C:\\Program Files\\nodejs\\node.exe" "C:\\Users\\ybenchim\\AppData\\Roaming\\npm\\node_modules\\npm\\bin\\npm-cli.js" "run" "gulp"
19 error node v4.5.0
20 error npm  v4.0.3
21 error code ELIFECYCLE
22 error angular2-boilerplate@1.0.0 gulp: `gulp`
22 error Exit status 1
23 error Failed at the angular2-boilerplate@1.0.0 gulp script 'gulp'.
23 error Make sure you have the latest version of node.js and npm installed.
23 error If you do, this is most likely a problem with the angular2-boilerplate package,
23 error not with npm itself.
23 error Tell the author that this fails on your system:
23 error     gulp
23 error You can get information on how to open an issue for this project with:
23 error     npm bugs angular2-boilerplate
23 error Or if that isn't available, you can get their info via:
23 error     npm owner ls angular2-boilerplate
23 error There is likely additional logging output above.
24 verbose exit [ 1, true ]
